/home/runner/simulations/TestJob01_temp_1/output-0000/TEST/sim/MemSpeed
Preparing:
+ set -e
+ cd output-0000-active
+ echo Checking:
Checking:
+ pwd
/home/runner/simulations/TestJob01_temp_1/output-0000/TEST/sim/MemSpeed/output-0000-active
+ hostname
fv-az424-886
+ date
Wed Mar 22 21:38:56 UTC 2023
+ echo Environment:
Environment:
+ export CACTUS_NUM_PROCS=1
+ CACTUS_NUM_PROCS=1
+ export CACTUS_NUM_THREADS=2
+ CACTUS_NUM_THREADS=2
+ export GMON_OUT_PREFIX=gmon.out
+ GMON_OUT_PREFIX=gmon.out
+ export OMP_NUM_THREADS=2
+ OMP_NUM_THREADS=2
+ env
+ sort
+ echo Starting:
Starting:
++ date +%s
+ export CACTUS_STARTTIME=1679521136
+ CACTUS_STARTTIME=1679521136
+ '[' 1 = 1 ']'
+ '[' 0 -eq 0 ']'
+ /home/runner/simulations/TestJob01_temp_1/SIMFACTORY/exe/cactus_sim -L 3 /home/runner/simulations/TestJob01_temp_1/output-0000/arrangements/CactusUtils/MemSpeed/test/memspeed.par
INFO (Cactus): Increased logging level from 0 to 3
--------------------------------------------------------------------------------

       10                                  
  1   0101       ************************  
  01  1010 10      The Cactus Code V4.13.0    
 1010 1101 011      www.cactuscode.org     
  1001 100101    ************************  
    00010101                               
     100011     (c) Copyright The Authors  
      0100      GNU Licensed. No Warranty  
      0101                                 
--------------------------------------------------------------------------------

Cactus version:    4.13.0
Compile date:      Mar 22 2023 (21:31:55)
Run date:          Mar 22 2023 (21:38:56+0000)
Run host:          fv-az424-886 (pid=103578)
Working directory: /home/runner/simulations/TestJob01_temp_1/output-0000/TEST/sim/MemSpeed
Executable:        /home/runner/simulations/TestJob01_temp_1/SIMFACTORY/exe/cactus_sim
Parameter file:    /home/runner/simulations/TestJob01_temp_1/output-0000/arrangements/CactusUtils/MemSpeed/test/memspeed.par
--------------------------------------------------------------------------------

Activating thorn Cactus...Success -> active implementation Cactus
Activation requested for 
--->hwloc MemSpeed SystemTopology CartGrid3D CoordBase IOASCII IOUtil PUGH PUGHSlab<---
Thorn hwloc requests automatic activation of zlib
Thorn MemSpeed requests automatic activation of Vectors
Thorn MemSpeed requests automatic activation of MPI
Activating thorn CartGrid3D...Success -> active implementation grid
Activating thorn CoordBase...Success -> active implementation CoordBase
Activating thorn hwloc...Success -> active implementation hwloc
Activating thorn IOASCII...Success -> active implementation IOASCII
Activating thorn IOUtil...Success -> active implementation IO
Activating thorn MemSpeed...Success -> active implementation MemSpeed
Activating thorn MPI...Success -> active implementation MPI
Activating thorn PUGH...Success -> active implementation Driver
Activating thorn PUGHSlab...Success -> active implementation Hyperslab
Activating thorn SystemTopology...Success -> active implementation SystemTopology
Activating thorn Vectors...Success -> active implementation Vectors
Activating thorn zlib...Success -> active implementation zlib
--------------------------------------------------------------------------------
  if (recover initial data)
    Recover parameters
  endif

  Startup routines
    [CCTK_STARTUP]
      CartGrid3D::SymmetryStartup: Register GH Extension for GridSymmetry
      CoordBase::CoordBase_Startup: Register a GH extension to store the coordinate system handles
      GROUP hwloc_startup: hwloc startup group
        hwloc::hwloc_version: Output hwloc version
      SystemTopology::ST_system_topology: Output and/or modify system topology and hardware locality
      PUGH::Driver_Startup: Startup routine
      PUGH::PUGH_RegisterPUGHP2LRoutines: Register Physical to Logical process mapping routines
      PUGH::PUGH_RegisterPUGHTopologyRoutines: Register topology generation routines routines
      IOUtil::IOUtil_Startup: Startup routine
      Vectors::Vectors_Startup: Print startup message
      IOASCII::IOASCII_Startup: Startup routine

  Startup routines which need an existing grid hierarchy
    [CCTK_WRAGH]
      CartGrid3D::RegisterCartGrid3DCoords: [meta] Register coordinates for the Cartesian grid
      MemSpeed::MemSpeed_MeasureSpeed: [meta] Measure CPU, memory, cache speeds
  Parameter checking routines
    [CCTK_PARAMCHECK]
      CartGrid3D::ParamCheck_CartGrid3D: Check coordinates for CartGrid3D
      Vectors::Vectors_Test: Run correctness tests.

  Initialisation
    if (NOT (recover initial data AND recovery_mode is 'strict'))
      [CCTK_PREREGRIDINITIAL]
      Set up grid hierarchy
      [CCTK_POSTREGRIDINITIAL]
        CartGrid3D::SpatialCoordinates: Set Coordinates after regridding
      [CCTK_BASEGRID]
        CartGrid3D::SpatialSpacings: Set up ranges for spatial 3D Cartesian coordinates (on all grids)
        CartGrid3D::SpatialCoordinates: Set up spatial 3D Cartesian coordinates on the GH
        IOASCII::IOASCII_Choose1D: Choose 1D output lines
        IOASCII::IOASCII_Choose2D: Choose 2D output planes
        PUGH::PUGH_Report: Report on PUGH set up
      [CCTK_INITIAL]
      [CCTK_POSTINITIAL]
      Initialise finer grids recursively
      Restrict from finer grids
      [CCTK_POSTRESTRICTINITIAL]
      [CCTK_POSTPOSTINITIAL]
      [CCTK_POSTSTEP]
    endif
    if (recover initial data)
      [CCTK_BASEGRID]
        CartGrid3D::SpatialSpacings: Set up ranges for spatial 3D Cartesian coordinates (on all grids)
        CartGrid3D::SpatialCoordinates: Set up spatial 3D Cartesian coordinates on the GH
        IOASCII::IOASCII_Choose1D: Choose 1D output lines
        IOASCII::IOASCII_Choose2D: Choose 2D output planes
        PUGH::PUGH_Report: Report on PUGH set up
      [CCTK_RECOVER_VARIABLES]
      [CCTK_POST_RECOVER_VARIABLES]
    endif
    if (checkpoint initial data)
      [CCTK_CPINITIAL]
    endif
    if (analysis)
      [CCTK_ANALYSIS]
  endif
  Output grid variables

  do loop over timesteps
    [CCTK_PREREGRID]
    Change grid hierarchy
    [CCTK_POSTREGRID]
      CartGrid3D::SpatialCoordinates: Set Coordinates after regridding
    Rotate timelevels
    iteration = iteration+1
    t = t+dt
    [CCTK_PRESTEP]
    [CCTK_EVOL]
    Evolve finer grids recursively
    Restrict from finer grids
    [CCTK_POSTRESTRICT]
    [CCTK_POSTSTEP]
    if (checkpoint)
      [CCTK_CHECKPOINT]
    endif
    if (analysis)
      [CCTK_ANALYSIS]
    endif
    Output grid variables
    enddo

  Termination routines
    [CCTK_TERMINATE]
      PUGH::Driver_Terminate: Termination routine

  Shutdown routines
    [CCTK_SHUTDOWN]

  Routines run after changing the grid hierarchy:
    [CCTK_POSTREGRID]
      CartGrid3D::SpatialCoordinates: Set Coordinates after regridding
--------------------------------------------------------------------------------
INFO (hwloc): library version 2.1.0, API version 0x20100
INFO (SystemTopology): MPI process-to-host mapping:
This is MPI process 0 of 1
MPI hosts:
  0: fv-az424-886
This MPI process runs on host 0 of 1
On this host, this is MPI process 0 of 1
INFO (SystemTopology): Topology support:
Discovery support:
  discovery->pu                            : yes
CPU binding support:
  cpubind->set_thisproc_cpubind            : yes
  cpubind->get_thisproc_cpubind            : yes
  cpubind->set_proc_cpubind                : yes
  cpubind->get_proc_cpubind                : yes
  cpubind->set_thisthread_cpubind          : yes
  cpubind->get_thisthread_cpubind          : yes
  cpubind->set_thread_cpubind              : yes
  cpubind->get_thread_cpubind              : yes
  cpubind->get_thisproc_last_cpu_location  : yes
  cpubind->get_proc_last_cpu_location      : yes
  cpubind->get_thisthread_last_cpu_location: yes
Memory binding support:
  membind->set_thisproc_membind            : no
  membind->get_thisproc_membind            : no
  membind->set_proc_membind                : no
  membind->get_proc_membind                : no
  membind->set_thisthread_membind          : yes
  membind->get_thisthread_membind          : yes
  membind->set_area_membind                : yes
  membind->get_area_membind                : yes
  membind->alloc_membind                   : yes
  membind->firsttouch_membind              : yes
  membind->bind_membind                    : yes
  membind->interleave_membind              : yes
  membind->nexttouch_membind               : no
  membind->migrate_membind                 : yes
INFO (SystemTopology): Hardware objects in this node:
Machine L#0: (P#0, total=7110652KB, DMIProductName="Virtual Machine", DMIProductVersion=7.0, DMIProductUUID=227ef1e6-562f-c548-96bd-5b3c17a8b3f6, DMIBoardVendor="Microsoft Corporation", DMIBoardName="Virtual Machine", DMIBoardVersion=7.0, DMIChassisVendor="Microsoft Corporation", DMIChassisType=3, DMIChassisVersion=7.0, DMIChassisAssetTag=7783-7084-3265-9085-8269-3286-77, DMIBIOSVendor="American Megatrends Inc.", DMIBIOSVersion="090008 ", DMIBIOSDate=12/07/2018, DMISysVendor="Microsoft Corporation", Backend=Linux, LinuxCgroup=/, OSName=Linux, OSRelease=5.15.0-1034-azure, OSVersion="#41~20.04.1-Ubuntu SMP Sat Feb 11 17:02:42 UTC 2023", HostName=fv-az424-886, Architecture=x86_64, hwlocVersion=2.1.0, ProcessName=cactus_sim)
  Package L#0: (P#0, total=7110652KB, CPUVendor=GenuineIntel, CPUFamilyNumber=6, CPUModelNumber=85, CPUModel="Intel(R) Xeon(R) Platinum 8272CL CPU @ 2.60GHz", CPUStepping=7)
    L3Cache L#0: (P#-1, size=36608KB, linesize=64, ways=11, Inclusive=0)
      L2Cache L#0: (P#-1, size=1024KB, linesize=64, ways=16, Inclusive=0)
        L1dCache L#0: (P#-1, size=32KB, linesize=64, ways=8, Inclusive=0)
          Core L#0: (P#0)
            PU L#0: (P#0)
      L2Cache L#1: (P#-1, size=1024KB, linesize=64, ways=16, Inclusive=0)
        L1dCache L#1: (P#-1, size=32KB, linesize=64, ways=8, Inclusive=0)
          Core L#1: (P#1)
            PU L#1: (P#1)
INFO (SystemTopology): Thread CPU bindings:
  MPI process 0 on host 0 (process 0 of 1 on this host)
    OpenMP thread 0: PU set L#{0-1} P#{0-1}
    OpenMP thread 1: PU set L#{0-1} P#{0-1}
INFO (SystemTopology): Setting thread CPU bindings:
INFO (SystemTopology): Thread CPU bindings:
  MPI process 0 on host 0 (process 0 of 1 on this host)
    OpenMP thread 0: PU set L#{0} P#{0}
    OpenMP thread 1: PU set L#{1} P#{1}
INFO (SystemTopology): Extracting CPU/cache/memory properties:
  There are 1 PUs per core (aka hardware SMT threads)
  There are 1 threads per core (aka SMT threads used)
  Cache (unknown name) has type "data" depth 1
    size 32768 linesize 64 associativity 8 stride 4096, for 1 PUs
  Cache (unknown name) has type "unified" depth 2
    size 1048576 linesize 64 associativity 16 stride 65536, for 1 PUs
  Cache (unknown name) has type "unified" depth 3
    size 37486592 linesize 64 associativity 11 stride 3407872, for 2 PUs
INFO (PUGH): Using physical to logical mappings: direct
INFO (PUGH): Using topology generator: automatic
INFO (Vectors): Using vector size 2 for architecture SSE2 (64-bit precision)
--------------------------------------------------------------------------------
Driver provided by PUGH
--------------------------------------------------------------------------------

INFO (PUGH): Not setting up a topology for 1 dimensions
INFO (PUGH): Not setting up a topology for 2 dimensions
INFO (PUGH): Setting up a topology for 3 dimensions
INFO (IOASCII): I/O Method 'IOASCII_1D' registered: output of 1D lines of grid functions/arrays to ASCII files
INFO (IOASCII): Periodic 1D output every 1 iterations
INFO (IOASCII): Periodic 1D output requested for 'GRID::r'
INFO (IOASCII): I/O Method 'IOASCII_2D' registered: output of 2D planes of grid functions/arrays to ASCII files
INFO (IOASCII): Periodic 2D output turned off
INFO (IOASCII): I/O Method 'IOASCII_3D' registered: output of 3D grid functions/arrays to ASCII files
INFO (IOASCII): Periodic 3D output turned off
INFO (MemSpeed): Measuring CPU, cache, memory, and communication speeds:
  Single-core measurements (using 1 MPI processes with 1 OpenMP threads each):
    CPU frequency:
      iterations=1000000... time=0.00135592 sec
      iterations=10000000... time=0.0134797 sec
      iterations=100000000... time=0.133936 sec
      iterations=800000000... time=1.07226 sec
      iterations=800000000... time=1.07143 sec
      result: 1937.48 GHz
    CPU floating point performance:
      iterations=1000000... time=0.00298354 sec
      iterations=10000000... time=0.029927 sec
      iterations=100000000... time=0.299566 sec
      iterations=400000000... time=1.20673 sec
      result: 10.6072 Gflop/sec
    CPU integer performance:
      iterations=1000000... time=0.00186283 sec
      iterations=10000000... time=0.0184523 sec
      iterations=100000000... time=0.185046 sec
      iterations=600000000... time=1.10623 sec
      result: 8.67816 Giop/sec
    Read latency of D1 cache (for 1 PUs) (using 1*24576 bytes):
      iterations=1000... time=0.000134902 sec
      iterations=10000... time=0.00134282 sec
      iterations=100000... time=0.013427 sec
      iterations=1000000... time=0.134127 sec
      iterations=8000000... time=1.07247 sec
      result: 1.34059 nsec
    Read latency of L2 cache (for 1 PUs) (using 1*786432 bytes):
      iterations=1000... time=0.000650209 sec
      iterations=10000... time=0.00624349 sec
      iterations=100000... time=0.0625674 sec
      iterations=1000000... time=0.625657 sec
      iterations=2000000... time=1.24976 sec
      result: 6.24881 nsec
    Read latency of L3 cache (for 2 PUs) (using 1*28114944 bytes):
      [skipped -- avoiding large-memory benchmarks]
    Read bandwidth of D1 cache (for 1 PUs) (using 1*24576 bytes):
      iterations=1... time=6e-07 sec
      iterations=10... time=3.2e-06 sec
      iterations=100... time=3.0701e-05 sec
      iterations=1000... time=0.000305104 sec
      iterations=10000... time=0.00306325 sec
      iterations=100000... time=0.0305522 sec
      iterations=1000000... time=0.305549 sec
      iterations=4000000... time=1.22195 sec
      result: 80.4487 GByte/sec
    Read bandwidth of L2 cache (for 1 PUs) (using 1*786432 bytes):
      iterations=1... time=1.86e-05 sec
      iterations=10... time=0.000176203 sec
      iterations=100... time=0.00169872 sec
      iterations=1000... time=0.0168907 sec
      iterations=10000... time=0.168855 sec
      iterations=70000... time=1.18138 sec
      result: 46.5981 GByte/sec
    Read bandwidth of L3 cache (for 2 PUs) (using 1*28114944 bytes):
      [skipped -- avoiding large-memory benchmarks]
    Write latency of D1 cache (for 1 PUs) (using 1*24576 bytes):
      iterations=1000... time=3.1e-06 sec
      iterations=10000... time=2.7101e-05 sec
      iterations=100000... time=0.000268104 sec
      iterations=1000000... time=0.00268184 sec
      iterations=10000000... time=0.0268189 sec
      iterations=100000000... time=0.268171 sec
      iterations=400000000... time=1.07244 sec
      result: 0.335138 nsec
    Write latency of L2 cache (for 1 PUs) (using 1*786432 bytes):
      iterations=1000... time=2.6001e-05 sec
      iterations=10000... time=0.000146902 sec
      iterations=100000... time=0.00144542 sec
      iterations=1000000... time=0.0144386 sec
      iterations=10000000... time=0.144076 sec
      iterations=80000000... time=1.1548 sec
      result: 1.80438 nsec
    Write latency of L3 cache (for 2 PUs) (using 1*28114944 bytes):
      [skipped -- avoiding large-memory benchmarks]
    Write bandwidth of D1 cache (for 1 PUs) (using 1*24576 bytes):
      iterations=1... time=3e-07 sec
      iterations=10... time=1.7e-06 sec
      iterations=100... time=1.51e-05 sec
      iterations=1000... time=0.000150202 sec
      iterations=10000... time=0.00150502 sec
      iterations=100000... time=0.0150228 sec
      iterations=1000000... time=0.150184 sec
      iterations=7000000... time=1.05147 sec
      result: 163.611 GByte/sec
    Write bandwidth of L2 cache (for 1 PUs) (using 1*786432 bytes):
      iterations=1... time=2.09e-05 sec
      iterations=10... time=0.000211403 sec
      iterations=100... time=0.00212293 sec
      iterations=1000... time=0.0207991 sec
      iterations=10000... time=0.181726 sec
      iterations=60000... time=0.903333 sec
      iterations=120000... time=1.79458 sec
      result: 52.5872 GByte/sec
    Write bandwidth of L3 cache (for 2 PUs) (using 1*28114944 bytes):
      [skipped -- avoiding large-memory benchmarks]
    Stencil code performance of D1 cache (for 1 PUs) (using 1*12^3 grid points, 1*27648 bytes):
      iterations=1... time=2.42e-05 sec
      iterations=10... time=0.000236003 sec
      iterations=100... time=0.00234353 sec
      iterations=1000... time=0.0237554 sec
      iterations=10000... time=0.238071 sec
      iterations=50000... time=1.1827 sec
      result: 0.0730532 Gupdates/sec
    Stencil code performance of L2 cache (for 1 PUs) (using 1*37^3 grid points, 1*810448 bytes):
      iterations=1... time=0.000199503 sec
      iterations=10... time=0.00195013 sec
      iterations=100... time=0.0191932 sec
      iterations=1000... time=0.19153 sec
      iterations=6000... time=1.14669 sec
      result: 0.26504 Gupdates/sec
    Stencil code performance of L3 cache (for 2 PUs) (using 1*121^3 grid points, 1*28344976 bytes):
      iterations=1... time=0.00469407 sec
      iterations=10... time=0.0515994 sec
      iterations=100... time=0.516104 sec
      iterations=200... time=1.02256 sec
      result: 0.346496 Gupdates/sec
  Single-node measurements (using 1 MPI processes with 2 OpenMP threads each):
    CPU frequency:
      iterations=1000000... time=0.00144127 sec
      iterations=10000000... time=0.0136589 sec
      iterations=100000000... time=0.134451 sec
      iterations=800000000... time=1.08031 sec
      iterations=800000000... time=1.07465 sec
      result: 282.854 GHz
    CPU floating point performance:
      iterations=1000000... time=0.00299754 sec
      iterations=10000000... time=0.0299602 sec
      iterations=100000000... time=0.302399 sec
      iterations=400000000... time=1.19837 sec
      result: 10.6812 Gflop/sec
    CPU integer performance:
      iterations=1000000... time=0.00184263 sec
      iterations=10000000... time=0.0184921 sec
      iterations=100000000... time=0.184714 sec
      iterations=600000000... time=1.10851 sec
      result: 8.66029 Giop/sec
    Read latency of D1 cache (for 1 PUs) (using 2*24576 bytes):
      iterations=1000... time=0.000134402 sec
      iterations=10000... time=0.00134027 sec
      iterations=100000... time=0.013459 sec
      iterations=1000000... time=0.134199 sec
      iterations=8000000... time=1.07758 sec
      result: 1.34698 nsec
    Read latency of L2 cache (for 1 PUs) (using 2*786432 bytes):
      iterations=1000... time=0.000608808 sec
      iterations=10000... time=0.00612874 sec
      iterations=100000... time=0.059754 sec
      iterations=1000000... time=0.598237 sec
      iterations=2000000... time=1.19293 sec
      result: 5.96464 nsec
    Read latency of L3 cache (for 2 PUs) (using 1*28114944 bytes):
      [skipped -- avoiding large-memory benchmarks]
    Read bandwidth of D1 cache (for 1 PUs) (using 2*24576 bytes):
      iterations=1... time=6.5e-07 sec
      iterations=10... time=3.45e-06 sec
      iterations=100... time=3.2951e-05 sec
      iterations=1000... time=0.000328455 sec
      iterations=10000... time=0.00333085 sec
      iterations=100000... time=0.0328661 sec
      iterations=1000000... time=0.309662 sec
      iterations=4000000... time=1.22669 sec
      result: 80.1377 GByte/sec
    Read bandwidth of L2 cache (for 1 PUs) (using 2*786432 bytes):
      iterations=1... time=2.055e-05 sec
      iterations=10... time=0.000163302 sec
      iterations=100... time=0.00162492 sec
      iterations=1000... time=0.0163183 sec
      iterations=10000... time=0.163182 sec
      iterations=70000... time=1.14519 sec
      result: 48.0707 GByte/sec
    Read bandwidth of L3 cache (for 2 PUs) (using 1*28114944 bytes):
      [skipped -- avoiding large-memory benchmarks]
    Write latency of D1 cache (for 1 PUs) (using 2*24576 bytes):
      iterations=1000... time=3.15e-06 sec
      iterations=10000... time=2.8951e-05 sec
      iterations=100000... time=0.000288504 sec
      iterations=1000000... time=0.00283394 sec
      iterations=10000000... time=0.0269324 sec
      iterations=100000000... time=0.269577 sec
      iterations=400000000... time=1.07524 sec
      result: 0.336013 nsec
    Write latency of L2 cache (for 1 PUs) (using 2*786432 bytes):
      iterations=1000... time=3.125e-05 sec
      iterations=10000... time=0.000158252 sec
      iterations=100000... time=0.00142812 sec
      iterations=1000000... time=0.0143273 sec
      iterations=10000000... time=0.144018 sec
      iterations=80000000... time=1.15003 sec
      result: 1.79692 nsec
    Write latency of L3 cache (for 2 PUs) (using 1*28114944 bytes):
      [skipped -- avoiding large-memory benchmarks]
    Write bandwidth of D1 cache (for 1 PUs) (using 2*24576 bytes):
      iterations=1... time=5e-07 sec
      iterations=10... time=3.8e-06 sec
      iterations=100... time=1.8001e-05 sec
      iterations=1000... time=0.000154752 sec
      iterations=10000... time=0.00155357 sec
      iterations=100000... time=0.0155198 sec
      iterations=1000000... time=0.155424 sec
      iterations=7000000... time=1.08998 sec
      result: 157.83 GByte/sec
    Write bandwidth of L2 cache (for 1 PUs) (using 2*786432 bytes):
      iterations=1... time=3.125e-05 sec
      iterations=10... time=0.000307605 sec
      iterations=100... time=0.00303194 sec
      iterations=1000... time=0.0258663 sec
      iterations=10000... time=0.176746 sec
      iterations=60000... time=0.871244 sec
      iterations=120000... time=1.83443 sec
      result: 51.4449 GByte/sec
    Write bandwidth of L3 cache (for 2 PUs) (using 1*28114944 bytes):
      [skipped -- avoiding large-memory benchmarks]
    Stencil code performance of D1 cache (for 1 PUs) (using 2*9^3 grid points, 2*11664 bytes):
      iterations=1... time=4.3e-06 sec
      iterations=10... time=3.23505e-05 sec
      iterations=100... time=0.000309454 sec
      iterations=1000... time=0.00313109 sec
      iterations=10000... time=0.0298332 sec
      iterations=100000... time=0.298164 sec
      iterations=400000... time=1.19693 sec
      result: 0.243623 Gupdates/sec
    Stencil code performance of L2 cache (for 1 PUs) (using 2*29^3 grid points, 2*390224 bytes):
      iterations=1... time=3.18005e-05 sec
      iterations=10... time=0.000304755 sec
      iterations=100... time=0.00309524 sec
      iterations=1000... time=0.0303492 sec
      iterations=10000... time=0.299306 sec
      iterations=40000... time=1.22708 sec
      result: 0.795027 Gupdates/sec
    Stencil code performance of L3 cache (for 2 PUs) (using 1*121^3 grid points, 1*28344976 bytes):
      iterations=1... time=0.00136567 sec
      iterations=10... time=0.0135147 sec
      iterations=100... time=0.132469 sec
      iterations=800... time=1.06962 sec
      result: 1.325 Gupdates/sec
INFO (Vectors): Testing vectorisation... [errors may result in segfaults]
INFO (Vectors): 375/375 tests passed 
INFO (CartGrid3D): Grid Spacings:
INFO (CartGrid3D): dx=>1.1111111e-01  dy=>1.1111111e-01  dz=>1.1111111e-01
INFO (CartGrid3D): Computational Coordinates:
INFO (CartGrid3D): x=>[-0.500, 0.500]  y=>[-0.500, 0.500]  z=>[-0.500, 0.500]
INFO (CartGrid3D): Indices of Physical Coordinates:
INFO (CartGrid3D): x=>[0,9]  y=>[0,9]  z=>[0,9]
INFO (PUGH): MPI Evolution on 1 processors
INFO (PUGH): 3-dimensional grid functions
INFO (PUGH):   Size: 10 10 10
INFO (PUGH):   Processor topology: 1 x 1 x 1
INFO (PUGH):   Local load: 1000   [10 x 10 x 10]
INFO (PUGH):   Maximum load skew: 0.000000
--------------------------------------------------------------------------------
Done.
+ echo Stopping:
Stopping:
+ date
Wed Mar 22 21:39:46 UTC 2023
+ echo Done.
Done.
  Elapsed time: 50.2 s
