/home/runner/simulations/TestJob01_temp_1/output-0000/TEST/sim/MemSpeed
Preparing:
+ set -e
+ cd output-0000-active
+ echo Checking:
Checking:
+ pwd
/home/runner/simulations/TestJob01_temp_1/output-0000/TEST/sim/MemSpeed/output-0000-active
+ hostname
fv-az449-435
+ date
Tue Feb 21 07:37:30 UTC 2023
+ echo Environment:
Environment:
+ export CACTUS_NUM_PROCS=1
+ CACTUS_NUM_PROCS=1
+ export CACTUS_NUM_THREADS=2
+ CACTUS_NUM_THREADS=2
+ export GMON_OUT_PREFIX=gmon.out
+ GMON_OUT_PREFIX=gmon.out
+ export OMP_NUM_THREADS=2
+ OMP_NUM_THREADS=2
+ env
+ sort
+ echo Starting:
Starting:
++ date +%s
+ export CACTUS_STARTTIME=1676965050
+ CACTUS_STARTTIME=1676965050
+ '[' 1 = 1 ']'
+ '[' 0 -eq 0 ']'
+ /home/runner/simulations/TestJob01_temp_1/SIMFACTORY/exe/cactus_sim -L 3 /home/runner/simulations/TestJob01_temp_1/output-0000/arrangements/CactusUtils/MemSpeed/test/memspeed.par
INFO (Cactus): Increased logging level from 0 to 3
--------------------------------------------------------------------------------

       10                                  
  1   0101       ************************  
  01  1010 10      The Cactus Code V4.13.0    
 1010 1101 011      www.cactuscode.org     
  1001 100101    ************************  
    00010101                               
     100011     (c) Copyright The Authors  
      0100      GNU Licensed. No Warranty  
      0101                                 
--------------------------------------------------------------------------------

Cactus version:    4.13.0
Compile date:      Feb 21 2023 (07:29:03)
Run date:          Feb 21 2023 (07:37:31+0000)
Run host:          fv-az449-435.jvjgdiodbn4ungrcbaap0pmvbb.dx.internal.cloudapp.net (pid=103871)
Working directory: /home/runner/simulations/TestJob01_temp_1/output-0000/TEST/sim/MemSpeed
Executable:        /home/runner/simulations/TestJob01_temp_1/SIMFACTORY/exe/cactus_sim
Parameter file:    /home/runner/simulations/TestJob01_temp_1/output-0000/arrangements/CactusUtils/MemSpeed/test/memspeed.par
--------------------------------------------------------------------------------

Activating thorn Cactus...Success -> active implementation Cactus
Activation requested for 
--->hwloc MemSpeed SystemTopology CartGrid3D CoordBase IOASCII IOUtil PUGH PUGHSlab<---
Thorn hwloc requests automatic activation of zlib
Thorn MemSpeed requests automatic activation of Vectors
Thorn MemSpeed requests automatic activation of MPI
Activating thorn CartGrid3D...Success -> active implementation grid
Activating thorn CoordBase...Success -> active implementation CoordBase
Activating thorn hwloc...Success -> active implementation hwloc
Activating thorn IOASCII...Success -> active implementation IOASCII
Activating thorn IOUtil...Success -> active implementation IO
Activating thorn MemSpeed...Success -> active implementation MemSpeed
Activating thorn MPI...Success -> active implementation MPI
Activating thorn PUGH...Success -> active implementation Driver
Activating thorn PUGHSlab...Success -> active implementation Hyperslab
Activating thorn SystemTopology...Success -> active implementation SystemTopology
Activating thorn Vectors...Success -> active implementation Vectors
Activating thorn zlib...Success -> active implementation zlib
--------------------------------------------------------------------------------
  if (recover initial data)
    Recover parameters
  endif

  Startup routines
    [CCTK_STARTUP]
      CartGrid3D::SymmetryStartup: Register GH Extension for GridSymmetry
      CoordBase::CoordBase_Startup: Register a GH extension to store the coordinate system handles
      GROUP hwloc_startup: hwloc startup group
        hwloc::hwloc_version: Output hwloc version
      SystemTopology::ST_system_topology: Output and/or modify system topology and hardware locality
      PUGH::Driver_Startup: Startup routine
      PUGH::PUGH_RegisterPUGHP2LRoutines: Register Physical to Logical process mapping routines
      PUGH::PUGH_RegisterPUGHTopologyRoutines: Register topology generation routines routines
      IOUtil::IOUtil_Startup: Startup routine
      Vectors::Vectors_Startup: Print startup message
      IOASCII::IOASCII_Startup: Startup routine

  Startup routines which need an existing grid hierarchy
    [CCTK_WRAGH]
      CartGrid3D::RegisterCartGrid3DCoords: [meta] Register coordinates for the Cartesian grid
      MemSpeed::MemSpeed_MeasureSpeed: [meta] Measure CPU, memory, cache speeds
  Parameter checking routines
    [CCTK_PARAMCHECK]
      CartGrid3D::ParamCheck_CartGrid3D: Check coordinates for CartGrid3D
      Vectors::Vectors_Test: Run correctness tests.

  Initialisation
    if (NOT (recover initial data AND recovery_mode is 'strict'))
      [CCTK_PREREGRIDINITIAL]
      Set up grid hierarchy
      [CCTK_POSTREGRIDINITIAL]
        CartGrid3D::SpatialCoordinates: Set Coordinates after regridding
      [CCTK_BASEGRID]
        CartGrid3D::SpatialSpacings: Set up ranges for spatial 3D Cartesian coordinates (on all grids)
        CartGrid3D::SpatialCoordinates: Set up spatial 3D Cartesian coordinates on the GH
        IOASCII::IOASCII_Choose1D: Choose 1D output lines
        IOASCII::IOASCII_Choose2D: Choose 2D output planes
        PUGH::PUGH_Report: Report on PUGH set up
      [CCTK_INITIAL]
      [CCTK_POSTINITIAL]
      Initialise finer grids recursively
      Restrict from finer grids
      [CCTK_POSTRESTRICTINITIAL]
      [CCTK_POSTPOSTINITIAL]
      [CCTK_POSTSTEP]
    endif
    if (recover initial data)
      [CCTK_BASEGRID]
        CartGrid3D::SpatialSpacings: Set up ranges for spatial 3D Cartesian coordinates (on all grids)
        CartGrid3D::SpatialCoordinates: Set up spatial 3D Cartesian coordinates on the GH
        IOASCII::IOASCII_Choose1D: Choose 1D output lines
        IOASCII::IOASCII_Choose2D: Choose 2D output planes
        PUGH::PUGH_Report: Report on PUGH set up
      [CCTK_RECOVER_VARIABLES]
      [CCTK_POST_RECOVER_VARIABLES]
    endif
    if (checkpoint initial data)
      [CCTK_CPINITIAL]
    endif
    if (analysis)
      [CCTK_ANALYSIS]
  endif
  Output grid variables

  do loop over timesteps
    [CCTK_PREREGRID]
    Change grid hierarchy
    [CCTK_POSTREGRID]
      CartGrid3D::SpatialCoordinates: Set Coordinates after regridding
    Rotate timelevels
    iteration = iteration+1
    t = t+dt
    [CCTK_PRESTEP]
    [CCTK_EVOL]
    Evolve finer grids recursively
    Restrict from finer grids
    [CCTK_POSTRESTRICT]
    [CCTK_POSTSTEP]
    if (checkpoint)
      [CCTK_CHECKPOINT]
    endif
    if (analysis)
      [CCTK_ANALYSIS]
    endif
    Output grid variables
    enddo

  Termination routines
    [CCTK_TERMINATE]
      PUGH::Driver_Terminate: Termination routine

  Shutdown routines
    [CCTK_SHUTDOWN]

  Routines run after changing the grid hierarchy:
    [CCTK_POSTREGRID]
      CartGrid3D::SpatialCoordinates: Set Coordinates after regridding
--------------------------------------------------------------------------------
INFO (hwloc): library version 2.1.0, API version 0x20100
INFO (SystemTopology): MPI process-to-host mapping:
This is MPI process 0 of 1
MPI hosts:
  0: fv-az449-435
This MPI process runs on host 0 of 1
On this host, this is MPI process 0 of 1
INFO (SystemTopology): Topology support:
Discovery support:
  discovery->pu                            : yes
CPU binding support:
  cpubind->set_thisproc_cpubind            : yes
  cpubind->get_thisproc_cpubind            : yes
  cpubind->set_proc_cpubind                : yes
  cpubind->get_proc_cpubind                : yes
  cpubind->set_thisthread_cpubind          : yes
  cpubind->get_thisthread_cpubind          : yes
  cpubind->set_thread_cpubind              : yes
  cpubind->get_thread_cpubind              : yes
  cpubind->get_thisproc_last_cpu_location  : yes
  cpubind->get_proc_last_cpu_location      : yes
  cpubind->get_thisthread_last_cpu_location: yes
Memory binding support:
  membind->set_thisproc_membind            : no
  membind->get_thisproc_membind            : no
  membind->set_proc_membind                : no
  membind->get_proc_membind                : no
  membind->set_thisthread_membind          : yes
  membind->get_thisthread_membind          : yes
  membind->set_area_membind                : yes
  membind->get_area_membind                : yes
  membind->alloc_membind                   : yes
  membind->firsttouch_membind              : yes
  membind->bind_membind                    : yes
  membind->interleave_membind              : yes
  membind->nexttouch_membind               : no
  membind->migrate_membind                 : yes
INFO (SystemTopology): Hardware objects in this node:
Machine L#0: (P#0, total=7110656KB, DMIProductName="Virtual Machine", DMIProductVersion=7.0, DMIProductUUID=0397df80-eb51-e446-9db2-08856075168a, DMIBoardVendor="Microsoft Corporation", DMIBoardName="Virtual Machine", DMIBoardVersion=7.0, DMIChassisVendor="Microsoft Corporation", DMIChassisType=3, DMIChassisVersion=7.0, DMIChassisAssetTag=7783-7084-3265-9085-8269-3286-77, DMIBIOSVendor="American Megatrends Inc.", DMIBIOSVersion="090008 ", DMIBIOSDate=12/07/2018, DMISysVendor="Microsoft Corporation", Backend=Linux, LinuxCgroup=/, OSName=Linux, OSRelease=5.15.0-1033-azure, OSVersion="#40~20.04.1-Ubuntu SMP Tue Jan 24 16:06:28 UTC 2023", HostName=fv-az449-435, Architecture=x86_64, hwlocVersion=2.1.0, ProcessName=cactus_sim)
  Package L#0: (P#0, total=7110656KB, CPUVendor=GenuineIntel, CPUFamilyNumber=6, CPUModelNumber=63, CPUModel="Intel(R) Xeon(R) CPU E5-2673 v3 @ 2.40GHz", CPUStepping=2)
    L3Cache L#0: (P#-1, size=30720KB, linesize=64, ways=20, Inclusive=1)
      L2Cache L#0: (P#-1, size=256KB, linesize=64, ways=8, Inclusive=0)
        L1dCache L#0: (P#-1, size=32KB, linesize=64, ways=8, Inclusive=0)
          Core L#0: (P#0)
            PU L#0: (P#0)
      L2Cache L#1: (P#-1, size=256KB, linesize=64, ways=8, Inclusive=0)
        L1dCache L#1: (P#-1, size=32KB, linesize=64, ways=8, Inclusive=0)
          Core L#1: (P#1)
            PU L#1: (P#1)
INFO (SystemTopology): Thread CPU bindings:
  MPI process 0 on host 0 (process 0 of 1 on this host)
    OpenMP thread 0: PU set L#{0-1} P#{0-1}
    OpenMP thread 1: PU set L#{0-1} P#{0-1}
INFO (SystemTopology): Setting thread CPU bindings:
INFO (SystemTopology): Thread CPU bindings:
  MPI process 0 on host 0 (process 0 of 1 on this host)
    OpenMP thread 0: PU set L#{0} P#{0}
    OpenMP thread 1: PU set L#{1} P#{1}
INFO (SystemTopology): Extracting CPU/cache/memory properties:
  There are 1 PUs per core (aka hardware SMT threads)
  There are 1 threads per core (aka SMT threads used)
  Cache (unknown name) has type "data" depth 1
    size 32768 linesize 64 associativity 8 stride 4096, for 1 PUs
  Cache (unknown name) has type "unified" depth 2
    size 262144 linesize 64 associativity 8 stride 32768, for 1 PUs
  Cache (unknown name) has type "unified" depth 3
    size 31457280 linesize 64 associativity 20 stride 1572864, for 2 PUs
INFO (PUGH): Using physical to logical mappings: direct
INFO (PUGH): Using topology generator: automatic
INFO (Vectors): Using vector size 2 for architecture SSE2 (64-bit precision)
--------------------------------------------------------------------------------
Driver provided by PUGH
--------------------------------------------------------------------------------

INFO (PUGH): Not setting up a topology for 1 dimensions
INFO (PUGH): Not setting up a topology for 2 dimensions
INFO (PUGH): Setting up a topology for 3 dimensions
INFO (IOASCII): I/O Method 'IOASCII_1D' registered: output of 1D lines of grid functions/arrays to ASCII files
INFO (IOASCII): Periodic 1D output every 1 iterations
INFO (IOASCII): Periodic 1D output requested for 'GRID::r'
INFO (IOASCII): I/O Method 'IOASCII_2D' registered: output of 2D planes of grid functions/arrays to ASCII files
INFO (IOASCII): Periodic 2D output turned off
INFO (IOASCII): I/O Method 'IOASCII_3D' registered: output of 3D grid functions/arrays to ASCII files
INFO (IOASCII): Periodic 3D output turned off
INFO (MemSpeed): Measuring CPU, cache, memory, and communication speeds:
  Single-core measurements (using 1 MPI processes with 1 OpenMP threads each):
    CPU frequency:
      iterations=1000000... time=0.00319418 sec
      iterations=10000000... time=0.0313208 sec
      iterations=100000000... time=0.317494 sec
      iterations=300000000... time=0.939769 sec
      iterations=600000000... time=1.89258 sec
      iterations=600000000... time=1.42569 sec
      result: 2.57019 GHz
    CPU floating point performance:
      iterations=1000000... time=0.0034293 sec
      iterations=10000000... time=0.0345674 sec
      iterations=100000000... time=0.347443 sec
      iterations=300000000... time=1.04219 sec
      result: 9.21141 Gflop/sec
    CPU integer performance:
      iterations=1000000... time=0.00199342 sec
      iterations=10000000... time=0.0208301 sec
      iterations=100000000... time=0.212968 sec
      iterations=500000000... time=1.08635 sec
      result: 7.36412 Giop/sec
    Read latency of D1 cache (for 1 PUs) (using 1*24576 bytes):
      iterations=1000... time=0.00018641 sec
      iterations=10000... time=0.00150699 sec
      iterations=100000... time=0.0156213 sec
      iterations=1000000... time=0.162017 sec
      iterations=7000000... time=1.10572 sec
      result: 1.5796 nsec
    Read latency of L2 cache (for 1 PUs) (using 1*196608 bytes):
      iterations=1000... time=0.000489624 sec
      iterations=10000... time=0.00551426 sec
      iterations=100000... time=0.0499745 sec
      iterations=1000000... time=0.508804 sec
      iterations=2000000... time=1.02118 sec
      result: 5.10592 nsec
    Read latency of L3 cache (for 2 PUs) (using 1*23592960 bytes):
      [skipped -- avoiding large-memory benchmarks]
    Read bandwidth of D1 cache (for 1 PUs) (using 1*24576 bytes):
      iterations=1... time=6e-07 sec
      iterations=10... time=3.3e-06 sec
      iterations=100... time=2.9602e-05 sec
      iterations=1000... time=0.000292714 sec
      iterations=10000... time=0.00292544 sec
      iterations=100000... time=0.0301177 sec
      iterations=1000000... time=0.307884 sec
      iterations=4000000... time=1.24186 sec
      result: 79.1588 GByte/sec
    Read bandwidth of L2 cache (for 1 PUs) (using 1*196608 bytes):
      iterations=1... time=6.5e-06 sec
      iterations=10... time=4.4102e-05 sec
      iterations=100... time=0.000445521 sec
      iterations=1000... time=0.00435711 sec
      iterations=10000... time=0.0439824 sec
      iterations=100000... time=0.450239 sec
      iterations=200000... time=0.911251 sec
      iterations=400000... time=1.81318 sec
      result: 43.3731 GByte/sec
    Read bandwidth of L3 cache (for 2 PUs) (using 1*23592960 bytes):
      [skipped -- avoiding large-memory benchmarks]
    Write latency of D1 cache (for 1 PUs) (using 1*24576 bytes):
      iterations=1000... time=4.301e-06 sec
      iterations=10000... time=3.0502e-05 sec
      iterations=100000... time=0.000297216 sec
      iterations=1000000... time=0.0036155 sec
      iterations=10000000... time=0.0309244 sec
      iterations=100000000... time=0.314363 sec
      iterations=300000000... time=0.942531 sec
      iterations=600000000... time=1.88105 sec
      result: 0.391886 nsec
    Write latency of L2 cache (for 1 PUs) (using 1*196608 bytes):
      iterations=1000... time=2.0601e-05 sec
      iterations=10000... time=0.00018171 sec
      iterations=100000... time=0.0018157 sec
      iterations=1000000... time=0.0184676 sec
      iterations=10000000... time=0.190931 sec
      iterations=60000000... time=1.16621 sec
      result: 2.4296 nsec
    Write latency of L3 cache (for 2 PUs) (using 1*23592960 bytes):
      [skipped -- avoiding large-memory benchmarks]
    Write bandwidth of D1 cache (for 1 PUs) (using 1*24576 bytes):
      iterations=1... time=7.01e-07 sec
      iterations=10... time=3.4e-06 sec
      iterations=100... time=3.0802e-05 sec
      iterations=1000... time=0.000303817 sec
      iterations=10000... time=0.0036392 sec
      iterations=100000... time=0.031246 sec
      iterations=1000000... time=0.321853 sec
      iterations=3000000... time=0.982536 sec
      iterations=6000000... time=1.94542 sec
      result: 75.7966 GByte/sec
    Write bandwidth of L2 cache (for 1 PUs) (using 1*196608 bytes):
      iterations=1... time=8.201e-06 sec
      iterations=10... time=8.2305e-05 sec
      iterations=100... time=0.000923251 sec
      iterations=1000... time=0.00822725 sec
      iterations=10000... time=0.0881027 sec
      iterations=100000... time=0.865306 sec
      iterations=200000... time=1.74266 sec
      result: 22.5641 GByte/sec
    Write bandwidth of L3 cache (for 2 PUs) (using 1*23592960 bytes):
      [skipped -- avoiding large-memory benchmarks]
    Stencil code performance of D1 cache (for 1 PUs) (using 1*12^3 grid points, 1*27648 bytes):
      iterations=1... time=1.5101e-05 sec
      iterations=10... time=0.000212512 sec
      iterations=100... time=0.00215172 sec
      iterations=1000... time=0.0230299 sec
      iterations=10000... time=0.233512 sec
      iterations=50000... time=1.13647 sec
      result: 0.0760247 Gupdates/sec
    Stencil code performance of L2 cache (for 1 PUs) (using 1*23^3 grid points, 1*194672 bytes):
      iterations=1... time=3.0002e-05 sec
      iterations=10... time=0.000387222 sec
      iterations=100... time=0.003686 sec
      iterations=1000... time=0.0377593 sec
      iterations=10000... time=0.387493 sec
      iterations=30000... time=1.17351 sec
      result: 0.311042 Gupdates/sec
    Stencil code performance of L3 cache (for 2 PUs) (using 1*114^3 grid points, 1*23704704 bytes):
      iterations=1... time=0.00501768 sec
      iterations=10... time=0.0475701 sec
      iterations=100... time=0.461317 sec
      iterations=200... time=0.906347 sec
      iterations=400... time=1.82321 sec
      result: 0.32504 Gupdates/sec
  Single-node measurements (using 1 MPI processes with 2 OpenMP threads each):
    CPU frequency:
      iterations=1000000... time=0.00319938 sec
      iterations=10000000... time=0.0309647 sec
      iterations=100000000... time=0.3201 sec
      iterations=300000000... time=0.955295 sec
      iterations=600000000... time=1.93694 sec
      iterations=600000000... time=1.424 sec
      result: 2.33947 GHz
    CPU floating point performance:
      iterations=1000000... time=0.00415203 sec
      iterations=10000000... time=0.0359222 sec
      iterations=100000000... time=0.34261 sec
      iterations=300000000... time=1.02453 sec
      result: 9.37018 Gflop/sec
    CPU integer performance:
      iterations=1000000... time=0.00203011 sec
      iterations=10000000... time=0.0205704 sec
      iterations=100000000... time=0.212274 sec
      iterations=500000000... time=1.07558 sec
      result: 7.43787 Giop/sec
    Read latency of D1 cache (for 1 PUs) (using 2*24576 bytes):
      iterations=1000... time=0.000148808 sec
      iterations=10000... time=0.00149438 sec
      iterations=100000... time=0.0153538 sec
      iterations=1000000... time=0.15702 sec
      iterations=7000000... time=1.10086 sec
      result: 1.57266 nsec
    Read latency of L2 cache (for 1 PUs) (using 2*196608 bytes):
      iterations=1000... time=0.000467276 sec
      iterations=10000... time=0.00465826 sec
      iterations=100000... time=0.0500691 sec
      iterations=1000000... time=0.504113 sec
      iterations=2000000... time=0.980631 sec
      iterations=4000000... time=1.97843 sec
      result: 4.94606 nsec
    Read latency of L3 cache (for 2 PUs) (using 1*23592960 bytes):
      [skipped -- avoiding large-memory benchmarks]
    Read bandwidth of D1 cache (for 1 PUs) (using 2*24576 bytes):
      iterations=1... time=5.5e-07 sec
      iterations=10... time=3.151e-06 sec
      iterations=100... time=2.97015e-05 sec
      iterations=1000... time=0.000296516 sec
      iterations=10000... time=0.00296771 sec
      iterations=100000... time=0.0299059 sec
      iterations=1000000... time=0.310898 sec
      iterations=4000000... time=1.23877 sec
      result: 79.356 GByte/sec
    Read bandwidth of L2 cache (for 1 PUs) (using 2*196608 bytes):
      iterations=1... time=5.851e-06 sec
      iterations=10... time=4.67025e-05 sec
      iterations=100... time=0.00053068 sec
      iterations=1000... time=0.00506193 sec
      iterations=10000... time=0.0487912 sec
      iterations=100000... time=0.490154 sec
      iterations=200000... time=0.975387 sec
      iterations=400000... time=1.93357 sec
      result: 40.6725 GByte/sec
    Read bandwidth of L3 cache (for 2 PUs) (using 1*23592960 bytes):
      [skipped -- avoiding large-memory benchmarks]
    Write latency of D1 cache (for 1 PUs) (using 2*24576 bytes):
      iterations=1000... time=3.75e-06 sec
      iterations=10000... time=3.0052e-05 sec
      iterations=100000... time=0.000298067 sec
      iterations=1000000... time=0.00307487 sec
      iterations=10000000... time=0.0311169 sec
      iterations=100000000... time=0.307878 sec
      iterations=400000000... time=1.2545 sec
      result: 0.39203 nsec
    Write latency of L2 cache (for 1 PUs) (using 2*196608 bytes):
      iterations=1000... time=2.3051e-05 sec
      iterations=10000... time=0.000210111 sec
      iterations=100000... time=0.00209167 sec
      iterations=1000000... time=0.0217835 sec
      iterations=10000000... time=0.225249 sec
      iterations=50000000... time=1.11521 sec
      result: 2.78802 nsec
    Write latency of L3 cache (for 2 PUs) (using 1*23592960 bytes):
      [skipped -- avoiding large-memory benchmarks]
    Write bandwidth of D1 cache (for 1 PUs) (using 2*24576 bytes):
      iterations=1... time=6e-07 sec
      iterations=10... time=3.401e-06 sec
      iterations=100... time=3.1052e-05 sec
      iterations=1000... time=0.000308267 sec
      iterations=10000... time=0.00312852 sec
      iterations=100000... time=0.0328531 sec
      iterations=1000000... time=0.330368 sec
      iterations=3000000... time=0.984348 sec
      iterations=6000000... time=1.97071 sec
      result: 74.8239 GByte/sec
    Write bandwidth of L2 cache (for 1 PUs) (using 2*196608 bytes):
      iterations=1... time=8.2e-06 sec
      iterations=10... time=0.000103355 sec
      iterations=100... time=0.000846297 sec
      iterations=1000... time=0.00914336 sec
      iterations=10000... time=0.0895201 sec
      iterations=100000... time=0.863191 sec
      iterations=200000... time=1.72999 sec
      result: 22.7294 GByte/sec
    Write bandwidth of L3 cache (for 2 PUs) (using 1*23592960 bytes):
      [skipped -- avoiding large-memory benchmarks]
    Stencil code performance of D1 cache (for 1 PUs) (using 2*9^3 grid points, 2*11664 bytes):
      iterations=1... time=2.9505e-06 sec
      iterations=10... time=2.46515e-05 sec
      iterations=100... time=0.000252014 sec
      iterations=1000... time=0.00262759 sec
      iterations=10000... time=0.0310927 sec
      iterations=100000... time=0.289563 sec
      iterations=400000... time=1.10345 sec
      result: 0.264263 Gupdates/sec
    Stencil code performance of L2 cache (for 1 PUs) (using 2*18^3 grid points, 2*93312 bytes):
      iterations=1... time=1.12005e-05 sec
      iterations=10... time=0.000121456 sec
      iterations=100... time=0.00127007 sec
      iterations=1000... time=0.0124901 sec
      iterations=10000... time=0.13369 sec
      iterations=80000... time=1.0517 sec
      result: 0.443626 Gupdates/sec
    Stencil code performance of L3 cache (for 2 PUs) (using 1*114^3 grid points, 1*23704704 bytes):
      iterations=1... time=0.00162684 sec
      iterations=10... time=0.0150836 sec
      iterations=100... time=0.127017 sec
      iterations=900... time=1.03351 sec
      result: 1.29016 Gupdates/sec
INFO (Vectors): Testing vectorisation... [errors may result in segfaults]
INFO (Vectors): 375/375 tests passed 
INFO (CartGrid3D): Grid Spacings:
INFO (CartGrid3D): dx=>1.1111111e-01  dy=>1.1111111e-01  dz=>1.1111111e-01
INFO (CartGrid3D): Computational Coordinates:
INFO (CartGrid3D): x=>[-0.500, 0.500]  y=>[-0.500, 0.500]  z=>[-0.500, 0.500]
INFO (CartGrid3D): Indices of Physical Coordinates:
INFO (CartGrid3D): x=>[0,9]  y=>[0,9]  z=>[0,9]
INFO (PUGH): MPI Evolution on 1 processors
INFO (PUGH): 3-dimensional grid functions
INFO (PUGH):   Size: 10 10 10
INFO (PUGH):   Processor topology: 1 x 1 x 1
INFO (PUGH):   Local load: 1000   [10 x 10 x 10]
INFO (PUGH):   Maximum load skew: 0.000000
--------------------------------------------------------------------------------
Done.
+ echo Stopping:
Stopping:
+ date
Tue Feb 21 07:38:37 UTC 2023
+ echo Done.
Done.
  Elapsed time: 67.2 s
