/home/runner/simulations/TestJob01_temp_1/output-0000/TEST/sim/MemSpeed
Preparing:
+ set -e
+ cd output-0000-active
+ echo Checking:
Checking:
+ pwd
/home/runner/simulations/TestJob01_temp_1/output-0000/TEST/sim/MemSpeed/output-0000-active
+ hostname
fv-az196-461
+ date
Tue Feb 21 01:22:38 UTC 2023
+ echo Environment:
Environment:
+ export CACTUS_NUM_PROCS=1
+ CACTUS_NUM_PROCS=1
+ export CACTUS_NUM_THREADS=2
+ CACTUS_NUM_THREADS=2
+ export GMON_OUT_PREFIX=gmon.out
+ GMON_OUT_PREFIX=gmon.out
+ export OMP_NUM_THREADS=2
+ OMP_NUM_THREADS=2
+ env
+ sort
+ echo Starting:
Starting:
++ date +%s
+ export CACTUS_STARTTIME=1676942558
+ CACTUS_STARTTIME=1676942558
+ '[' 1 = 1 ']'
+ '[' 0 -eq 0 ']'
+ /home/runner/simulations/TestJob01_temp_1/SIMFACTORY/exe/cactus_sim -L 3 /home/runner/simulations/TestJob01_temp_1/output-0000/arrangements/CactusUtils/MemSpeed/test/memspeed.par
INFO (Cactus): Increased logging level from 0 to 3
--------------------------------------------------------------------------------

       10                                  
  1   0101       ************************  
  01  1010 10      The Cactus Code V4.13.0    
 1010 1101 011      www.cactuscode.org     
  1001 100101    ************************  
    00010101                               
     100011     (c) Copyright The Authors  
      0100      GNU Licensed. No Warranty  
      0101                                 
--------------------------------------------------------------------------------

Cactus version:    4.13.0
Compile date:      Feb 21 2023 (01:16:06)
Run date:          Feb 21 2023 (01:22:38+0000)
Run host:          fv-az196-461.ad143mqho3xu3jekw201s0oc5a.jx.internal.cloudapp.net (pid=103634)
Working directory: /home/runner/simulations/TestJob01_temp_1/output-0000/TEST/sim/MemSpeed
Executable:        /home/runner/simulations/TestJob01_temp_1/SIMFACTORY/exe/cactus_sim
Parameter file:    /home/runner/simulations/TestJob01_temp_1/output-0000/arrangements/CactusUtils/MemSpeed/test/memspeed.par
--------------------------------------------------------------------------------

Activating thorn Cactus...Success -> active implementation Cactus
Activation requested for 
--->hwloc MemSpeed SystemTopology CartGrid3D CoordBase IOASCII IOUtil PUGH PUGHSlab<---
Thorn hwloc requests automatic activation of zlib
Thorn MemSpeed requests automatic activation of Vectors
Thorn MemSpeed requests automatic activation of MPI
Activating thorn CartGrid3D...Success -> active implementation grid
Activating thorn CoordBase...Success -> active implementation CoordBase
Activating thorn hwloc...Success -> active implementation hwloc
Activating thorn IOASCII...Success -> active implementation IOASCII
Activating thorn IOUtil...Success -> active implementation IO
Activating thorn MemSpeed...Success -> active implementation MemSpeed
Activating thorn MPI...Success -> active implementation MPI
Activating thorn PUGH...Success -> active implementation Driver
Activating thorn PUGHSlab...Success -> active implementation Hyperslab
Activating thorn SystemTopology...Success -> active implementation SystemTopology
Activating thorn Vectors...Success -> active implementation Vectors
Activating thorn zlib...Success -> active implementation zlib
--------------------------------------------------------------------------------
  if (recover initial data)
    Recover parameters
  endif

  Startup routines
    [CCTK_STARTUP]
      CartGrid3D::SymmetryStartup: Register GH Extension for GridSymmetry
      CoordBase::CoordBase_Startup: Register a GH extension to store the coordinate system handles
      GROUP hwloc_startup: hwloc startup group
        hwloc::hwloc_version: Output hwloc version
      SystemTopology::ST_system_topology: Output and/or modify system topology and hardware locality
      PUGH::Driver_Startup: Startup routine
      PUGH::PUGH_RegisterPUGHP2LRoutines: Register Physical to Logical process mapping routines
      PUGH::PUGH_RegisterPUGHTopologyRoutines: Register topology generation routines routines
      IOUtil::IOUtil_Startup: Startup routine
      Vectors::Vectors_Startup: Print startup message
      IOASCII::IOASCII_Startup: Startup routine

  Startup routines which need an existing grid hierarchy
    [CCTK_WRAGH]
      CartGrid3D::RegisterCartGrid3DCoords: [meta] Register coordinates for the Cartesian grid
      MemSpeed::MemSpeed_MeasureSpeed: [meta] Measure CPU, memory, cache speeds
  Parameter checking routines
    [CCTK_PARAMCHECK]
      CartGrid3D::ParamCheck_CartGrid3D: Check coordinates for CartGrid3D
      Vectors::Vectors_Test: Run correctness tests.

  Initialisation
    if (NOT (recover initial data AND recovery_mode is 'strict'))
      [CCTK_PREREGRIDINITIAL]
      Set up grid hierarchy
      [CCTK_POSTREGRIDINITIAL]
        CartGrid3D::SpatialCoordinates: Set Coordinates after regridding
      [CCTK_BASEGRID]
        CartGrid3D::SpatialSpacings: Set up ranges for spatial 3D Cartesian coordinates (on all grids)
        CartGrid3D::SpatialCoordinates: Set up spatial 3D Cartesian coordinates on the GH
        IOASCII::IOASCII_Choose1D: Choose 1D output lines
        IOASCII::IOASCII_Choose2D: Choose 2D output planes
        PUGH::PUGH_Report: Report on PUGH set up
      [CCTK_INITIAL]
      [CCTK_POSTINITIAL]
      Initialise finer grids recursively
      Restrict from finer grids
      [CCTK_POSTRESTRICTINITIAL]
      [CCTK_POSTPOSTINITIAL]
      [CCTK_POSTSTEP]
    endif
    if (recover initial data)
      [CCTK_BASEGRID]
        CartGrid3D::SpatialSpacings: Set up ranges for spatial 3D Cartesian coordinates (on all grids)
        CartGrid3D::SpatialCoordinates: Set up spatial 3D Cartesian coordinates on the GH
        IOASCII::IOASCII_Choose1D: Choose 1D output lines
        IOASCII::IOASCII_Choose2D: Choose 2D output planes
        PUGH::PUGH_Report: Report on PUGH set up
      [CCTK_RECOVER_VARIABLES]
      [CCTK_POST_RECOVER_VARIABLES]
    endif
    if (checkpoint initial data)
      [CCTK_CPINITIAL]
    endif
    if (analysis)
      [CCTK_ANALYSIS]
  endif
  Output grid variables

  do loop over timesteps
    [CCTK_PREREGRID]
    Change grid hierarchy
    [CCTK_POSTREGRID]
      CartGrid3D::SpatialCoordinates: Set Coordinates after regridding
    Rotate timelevels
    iteration = iteration+1
    t = t+dt
    [CCTK_PRESTEP]
    [CCTK_EVOL]
    Evolve finer grids recursively
    Restrict from finer grids
    [CCTK_POSTRESTRICT]
    [CCTK_POSTSTEP]
    if (checkpoint)
      [CCTK_CHECKPOINT]
    endif
    if (analysis)
      [CCTK_ANALYSIS]
    endif
    Output grid variables
    enddo

  Termination routines
    [CCTK_TERMINATE]
      PUGH::Driver_Terminate: Termination routine

  Shutdown routines
    [CCTK_SHUTDOWN]

  Routines run after changing the grid hierarchy:
    [CCTK_POSTREGRID]
      CartGrid3D::SpatialCoordinates: Set Coordinates after regridding
--------------------------------------------------------------------------------
INFO (hwloc): library version 2.1.0, API version 0x20100
INFO (SystemTopology): MPI process-to-host mapping:
This is MPI process 0 of 1
MPI hosts:
  0: fv-az196-461
This MPI process runs on host 0 of 1
On this host, this is MPI process 0 of 1
INFO (SystemTopology): Topology support:
Discovery support:
  discovery->pu                            : yes
CPU binding support:
  cpubind->set_thisproc_cpubind            : yes
  cpubind->get_thisproc_cpubind            : yes
  cpubind->set_proc_cpubind                : yes
  cpubind->get_proc_cpubind                : yes
  cpubind->set_thisthread_cpubind          : yes
  cpubind->get_thisthread_cpubind          : yes
  cpubind->set_thread_cpubind              : yes
  cpubind->get_thread_cpubind              : yes
  cpubind->get_thisproc_last_cpu_location  : yes
  cpubind->get_proc_last_cpu_location      : yes
  cpubind->get_thisthread_last_cpu_location: yes
Memory binding support:
  membind->set_thisproc_membind            : no
  membind->get_thisproc_membind            : no
  membind->set_proc_membind                : no
  membind->get_proc_membind                : no
  membind->set_thisthread_membind          : yes
  membind->get_thisthread_membind          : yes
  membind->set_area_membind                : yes
  membind->get_area_membind                : yes
  membind->alloc_membind                   : yes
  membind->firsttouch_membind              : yes
  membind->bind_membind                    : yes
  membind->interleave_membind              : yes
  membind->nexttouch_membind               : no
  membind->migrate_membind                 : yes
INFO (SystemTopology): Hardware objects in this node:
Machine L#0: (P#0, total=7110656KB, DMIProductName="Virtual Machine", DMIProductVersion=7.0, DMIProductUUID=27c3cd47-b815-3243-ad8c-3a94319c9cc2, DMIBoardVendor="Microsoft Corporation", DMIBoardName="Virtual Machine", DMIBoardVersion=7.0, DMIChassisVendor="Microsoft Corporation", DMIChassisType=3, DMIChassisVersion=7.0, DMIChassisAssetTag=7783-7084-3265-9085-8269-3286-77, DMIBIOSVendor="American Megatrends Inc.", DMIBIOSVersion="090008 ", DMIBIOSDate=12/07/2018, DMISysVendor="Microsoft Corporation", Backend=Linux, LinuxCgroup=/, OSName=Linux, OSRelease=5.15.0-1033-azure, OSVersion="#40~20.04.1-Ubuntu SMP Tue Jan 24 16:06:28 UTC 2023", HostName=fv-az196-461, Architecture=x86_64, hwlocVersion=2.1.0, ProcessName=cactus_sim)
  Package L#0: (P#0, total=7110656KB, CPUVendor=GenuineIntel, CPUFamilyNumber=6, CPUModelNumber=106, CPUModel="Intel(R) Xeon(R) Platinum 8370C CPU @ 2.80GHz", CPUStepping=6)
    L3Cache L#0: (P#-1, size=49152KB, linesize=64, ways=12, Inclusive=0)
      L2Cache L#0: (P#-1, size=1280KB, linesize=64, ways=20, Inclusive=0)
        L1dCache L#0: (P#-1, size=48KB, linesize=64, ways=12, Inclusive=0)
          Core L#0: (P#0)
            PU L#0: (P#0)
      L2Cache L#1: (P#-1, size=1280KB, linesize=64, ways=20, Inclusive=0)
        L1dCache L#1: (P#-1, size=48KB, linesize=64, ways=12, Inclusive=0)
          Core L#1: (P#1)
            PU L#1: (P#1)
INFO (SystemTopology): Thread CPU bindings:
  MPI process 0 on host 0 (process 0 of 1 on this host)
    OpenMP thread 0: PU set L#{0-1} P#{0-1}
    OpenMP thread 1: PU set L#{0-1} P#{0-1}
INFO (SystemTopology): Setting thread CPU bindings:
INFO (SystemTopology): Thread CPU bindings:
  MPI process 0 on host 0 (process 0 of 1 on this host)
    OpenMP thread 0: PU set L#{0} P#{0}
    OpenMP thread 1: PU set L#{1} P#{1}
INFO (SystemTopology): Extracting CPU/cache/memory properties:
  There are 1 PUs per core (aka hardware SMT threads)
  There are 1 threads per core (aka SMT threads used)
  Cache (unknown name) has type "data" depth 1
    size 49152 linesize 64 associativity 12 stride 4096, for 1 PUs
  Cache (unknown name) has type "unified" depth 2
    size 1310720 linesize 64 associativity 20 stride 65536, for 1 PUs
  Cache (unknown name) has type "unified" depth 3
    size 50331648 linesize 64 associativity 12 stride 4194304, for 2 PUs
INFO (PUGH): Using physical to logical mappings: direct
INFO (PUGH): Using topology generator: automatic
INFO (Vectors): Using vector size 2 for architecture SSE2 (64-bit precision)
--------------------------------------------------------------------------------
Driver provided by PUGH
--------------------------------------------------------------------------------

INFO (PUGH): Not setting up a topology for 1 dimensions
INFO (PUGH): Not setting up a topology for 2 dimensions
INFO (PUGH): Setting up a topology for 3 dimensions
INFO (IOASCII): I/O Method 'IOASCII_1D' registered: output of 1D lines of grid functions/arrays to ASCII files
INFO (IOASCII): Periodic 1D output every 1 iterations
INFO (IOASCII): Periodic 1D output requested for 'GRID::r'
INFO (IOASCII): I/O Method 'IOASCII_2D' registered: output of 2D planes of grid functions/arrays to ASCII files
INFO (IOASCII): Periodic 2D output turned off
INFO (IOASCII): I/O Method 'IOASCII_3D' registered: output of 3D grid functions/arrays to ASCII files
INFO (IOASCII): Periodic 3D output turned off
INFO (MemSpeed): Measuring CPU, cache, memory, and communication speeds:
  Single-core measurements (using 1 MPI processes with 1 OpenMP threads each):
    CPU frequency:
      iterations=1000000... time=0.00169409 sec
      iterations=10000000... time=0.0169833 sec
      iterations=100000000... time=0.169747 sec
      iterations=600000000... time=1.01802 sec
      iterations=600000000... time=1.0395 sec
      result: -55.849 GHz
    CPU floating point performance:
      iterations=1000000... time=0.00360837 sec
      iterations=10000000... time=0.0360914 sec
      iterations=100000000... time=0.361084 sec
      iterations=300000000... time=1.08282 sec
      result: 8.86571 Gflop/sec
    CPU integer performance:
      iterations=1000000... time=0.00200798 sec
      iterations=10000000... time=0.0199097 sec
      iterations=100000000... time=0.199091 sec
      iterations=600000000... time=1.19457 sec
      result: 8.03639 Giop/sec
    Read latency of D1 cache (for 1 PUs) (using 1*36864 bytes):
      iterations=1000... time=0.000207797 sec
      iterations=10000... time=0.00207187 sec
      iterations=100000... time=0.0206769 sec
      iterations=1000000... time=0.206788 sec
      iterations=5000000... time=1.0339 sec
      result: 2.06779 nsec
    Read latency of L2 cache (for 1 PUs) (using 1*983040 bytes):
      iterations=1000... time=0.000585492 sec
      iterations=10000... time=0.00583102 sec
      iterations=100000... time=0.0581674 sec
      iterations=1000000... time=0.582218 sec
      iterations=2000000... time=1.16355 sec
      result: 5.81777 nsec
    Read latency of L3 cache (for 2 PUs) (using 1*37748736 bytes):
      [skipped -- avoiding large-memory benchmarks]
    Read bandwidth of D1 cache (for 1 PUs) (using 1*36864 bytes):
      iterations=1... time=8e-07 sec
      iterations=10... time=5.6e-06 sec
      iterations=100... time=5.4099e-05 sec
      iterations=1000... time=0.000540493 sec
      iterations=10000... time=0.00542093 sec
      iterations=100000... time=0.0541342 sec
      iterations=1000000... time=0.541453 sec
      iterations=2000000... time=1.08279 sec
      result: 68.0907 GByte/sec
    Read bandwidth of L2 cache (for 1 PUs) (using 1*983040 bytes):
      iterations=1... time=2.3299e-05 sec
      iterations=10... time=0.000233699 sec
      iterations=100... time=0.00223648 sec
      iterations=1000... time=0.0223907 sec
      iterations=10000... time=0.223915 sec
      iterations=50000... time=1.11923 sec
      result: 43.9159 GByte/sec
    Read bandwidth of L3 cache (for 2 PUs) (using 1*37748736 bytes):
      [skipped -- avoiding large-memory benchmarks]
    Write latency of D1 cache (for 1 PUs) (using 1*36864 bytes):
      iterations=1000... time=3.6e-06 sec
      iterations=10000... time=3.25e-05 sec
      iterations=100000... time=0.000330097 sec
      iterations=1000000... time=0.00320867 sec
      iterations=10000000... time=0.0321528 sec
      iterations=100000000... time=0.321544 sec
      iterations=300000000... time=0.964735 sec
      iterations=600000000... time=1.92928 sec
      result: 0.401933 nsec
    Write latency of L2 cache (for 1 PUs) (using 1*983040 bytes):
      iterations=1000... time=1.5599e-05 sec
      iterations=10000... time=0.000181599 sec
      iterations=100000... time=0.00176719 sec
      iterations=1000000... time=0.0180238 sec
      iterations=10000000... time=0.181051 sec
      iterations=60000000... time=1.08554 sec
      result: 2.26155 nsec
    Write latency of L3 cache (for 2 PUs) (using 1*37748736 bytes):
      [skipped -- avoiding large-memory benchmarks]
    Write bandwidth of D1 cache (for 1 PUs) (using 1*36864 bytes):
      iterations=1... time=6e-07 sec
      iterations=10... time=5.4e-06 sec
      iterations=100... time=3.73e-05 sec
      iterations=1000... time=0.000239198 sec
      iterations=10000... time=0.00240128 sec
      iterations=100000... time=0.0239971 sec
      iterations=1000000... time=0.239945 sec
      iterations=5000000... time=1.19977 sec
      result: 153.629 GByte/sec
    Write bandwidth of L2 cache (for 1 PUs) (using 1*983040 bytes):
      iterations=1... time=2.47e-05 sec
      iterations=10... time=0.000218698 sec
      iterations=100... time=0.00217738 sec
      iterations=1000... time=0.0218171 sec
      iterations=10000... time=0.218079 sec
      iterations=50000... time=1.09042 sec
      result: 45.0762 GByte/sec
    Write bandwidth of L3 cache (for 2 PUs) (using 1*37748736 bytes):
      [skipped -- avoiding large-memory benchmarks]
    Stencil code performance of D1 cache (for 1 PUs) (using 1*13^3 grid points, 1*35152 bytes):
      iterations=1... time=1.44e-05 sec
      iterations=10... time=0.000138799 sec
      iterations=100... time=0.00137629 sec
      iterations=1000... time=0.0137253 sec
      iterations=10000... time=0.134533 sec
      iterations=80000... time=1.07672 sec
      result: 0.163236 Gupdates/sec
    Stencil code performance of L2 cache (for 1 PUs) (using 1*39^3 grid points, 1*949104 bytes):
      iterations=1... time=0.000172299 sec
      iterations=10... time=0.00263668 sec
      iterations=100... time=0.0263955 sec
      iterations=1000... time=0.2614 sec
      iterations=4000... time=1.04438 sec
      result: 0.227194 Gupdates/sec
    Stencil code performance of L3 cache (for 2 PUs) (using 1*133^3 grid points, 1*37642192 bytes):
      iterations=1... time=0.0484852 sec
      iterations=10... time=0.487919 sec
      iterations=20... time=0.976102 sec
      iterations=40... time=1.95097 sec
      result: 0.0482352 Gupdates/sec
  Single-node measurements (using 1 MPI processes with 2 OpenMP threads each):
    CPU frequency:
      iterations=1000000... time=0.00169409 sec
      iterations=10000000... time=0.0170379 sec
      iterations=100000000... time=0.169777 sec
      iterations=600000000... time=1.01923 sec
      iterations=600000000... time=1.04285 sec
      result: -50.8081 GHz
    CPU floating point performance:
      iterations=1000000... time=0.00364267 sec
      iterations=10000000... time=0.0361093 sec
      iterations=100000000... time=0.361568 sec
      iterations=300000000... time=1.08672 sec
      result: 8.83391 Gflop/sec
    CPU integer performance:
      iterations=1000000... time=0.00201713 sec
      iterations=10000000... time=0.0199319 sec
      iterations=100000000... time=0.199299 sec
      iterations=600000000... time=1.19624 sec
      result: 8.02514 Giop/sec
    Read latency of D1 cache (for 1 PUs) (using 2*36864 bytes):
      iterations=1000... time=0.000204198 sec
      iterations=10000... time=0.00205563 sec
      iterations=100000... time=0.0203943 sec
      iterations=1000000... time=0.204068 sec
      iterations=5000000... time=1.02152 sec
      result: 2.04304 nsec
    Read latency of L2 cache (for 1 PUs) (using 2*983040 bytes):
      iterations=1000... time=0.000592595 sec
      iterations=10000... time=0.00586635 sec
      iterations=100000... time=0.0582153 sec
      iterations=1000000... time=0.582759 sec
      iterations=2000000... time=1.17232 sec
      result: 5.86162 nsec
    Read latency of L3 cache (for 2 PUs) (using 1*37748736 bytes):
      [skipped -- avoiding large-memory benchmarks]
    Read bandwidth of D1 cache (for 1 PUs) (using 2*36864 bytes):
      iterations=1... time=6.5e-07 sec
      iterations=10... time=5.5e-06 sec
      iterations=100... time=5.41e-05 sec
      iterations=1000... time=0.000540545 sec
      iterations=10000... time=0.00542701 sec
      iterations=100000... time=0.054148 sec
      iterations=1000000... time=0.54241 sec
      iterations=2000000... time=1.08553 sec
      result: 67.9189 GByte/sec
    Read bandwidth of L2 cache (for 1 PUs) (using 2*983040 bytes):
      iterations=1... time=2.4099e-05 sec
      iterations=10... time=0.000221599 sec
      iterations=100... time=0.00220598 sec
      iterations=1000... time=0.0221581 sec
      iterations=10000... time=0.221145 sec
      iterations=50000... time=1.10645 sec
      result: 44.4232 GByte/sec
    Read bandwidth of L3 cache (for 2 PUs) (using 1*37748736 bytes):
      [skipped -- avoiding large-memory benchmarks]
    Write latency of D1 cache (for 1 PUs) (using 2*36864 bytes):
      iterations=1000... time=3.9e-06 sec
      iterations=10000... time=3.235e-05 sec
      iterations=100000... time=0.000321147 sec
      iterations=1000000... time=0.00323667 sec
      iterations=10000000... time=0.0321776 sec
      iterations=100000000... time=0.322644 sec
      iterations=300000000... time=0.966465 sec
      iterations=600000000... time=1.9364 sec
      result: 0.403417 nsec
    Write latency of L2 cache (for 1 PUs) (using 2*983040 bytes):
      iterations=1000... time=1.85e-05 sec
      iterations=10000... time=0.000170998 sec
      iterations=100000... time=0.00179194 sec
      iterations=1000000... time=0.0180937 sec
      iterations=10000000... time=0.181073 sec
      iterations=60000000... time=1.08128 sec
      result: 2.25267 nsec
    Write latency of L3 cache (for 2 PUs) (using 1*37748736 bytes):
      [skipped -- avoiding large-memory benchmarks]
    Write bandwidth of D1 cache (for 1 PUs) (using 2*36864 bytes):
      iterations=1... time=7e-07 sec
      iterations=10... time=5.65e-06 sec
      iterations=100... time=4.44e-05 sec
      iterations=1000... time=0.000254598 sec
      iterations=10000... time=0.00247143 sec
      iterations=100000... time=0.0245678 sec
      iterations=1000000... time=0.246129 sec
      iterations=4000000... time=0.983541 sec
      iterations=8000000... time=1.96929 sec
      result: 149.756 GByte/sec
    Write bandwidth of L2 cache (for 1 PUs) (using 2*983040 bytes):
      iterations=1... time=2.635e-05 sec
      iterations=10... time=0.000214248 sec
      iterations=100... time=0.00215068 sec
      iterations=1000... time=0.0213136 sec
      iterations=10000... time=0.21605 sec
      iterations=50000... time=1.07051 sec
      result: 45.9145 GByte/sec
    Write bandwidth of L3 cache (for 2 PUs) (using 1*37748736 bytes):
      [skipped -- avoiding large-memory benchmarks]
    Stencil code performance of D1 cache (for 1 PUs) (using 2*10^3 grid points, 2*16000 bytes):
      iterations=1... time=3.6e-06 sec
      iterations=10... time=3.75e-05 sec
      iterations=100... time=0.000373647 sec
      iterations=1000... time=0.00359267 sec
      iterations=10000... time=0.0361915 sec
      iterations=100000... time=0.37265 sec
      iterations=300000... time=1.07799 sec
      result: 0.278295 Gupdates/sec
    Stencil code performance of L2 cache (for 1 PUs) (using 2*31^3 grid points, 2*476656 bytes):
      iterations=1... time=0.000139299 sec
      iterations=10... time=0.000865943 sec
      iterations=100... time=0.00852183 sec
      iterations=1000... time=0.0854742 sec
      iterations=10000... time=0.846984 sec
      iterations=20000... time=1.70023 sec
      result: 0.350436 Gupdates/sec
    Stencil code performance of L3 cache (for 2 PUs) (using 1*133^3 grid points, 1*37642192 bytes):
      iterations=1... time=0.00134784 sec
      iterations=10... time=0.0134374 sec
      iterations=100... time=0.133679 sec
      iterations=800... time=1.07037 sec
      result: 1.75837 Gupdates/sec
INFO (Vectors): Testing vectorisation... [errors may result in segfaults]
INFO (Vectors): 375/375 tests passed 
INFO (CartGrid3D): Grid Spacings:
INFO (CartGrid3D): dx=>1.1111111e-01  dy=>1.1111111e-01  dz=>1.1111111e-01
INFO (CartGrid3D): Computational Coordinates:
INFO (CartGrid3D): x=>[-0.500, 0.500]  y=>[-0.500, 0.500]  z=>[-0.500, 0.500]
INFO (CartGrid3D): Indices of Physical Coordinates:
INFO (CartGrid3D): x=>[0,9]  y=>[0,9]  z=>[0,9]
INFO (PUGH): MPI Evolution on 1 processors
INFO (PUGH): 3-dimensional grid functions
INFO (PUGH):   Size: 10 10 10
INFO (PUGH):   Processor topology: 1 x 1 x 1
INFO (PUGH):   Local load: 1000   [10 x 10 x 10]
INFO (PUGH):   Maximum load skew: 0.000000
--------------------------------------------------------------------------------
Done.
+ echo Stopping:
Stopping:
+ date
Tue Feb 21 01:23:34 UTC 2023
+ echo Done.
Done.
  Elapsed time: 56.6 s
